#
# A fatal error has been detected by the Java Runtime Environment:
#
#  SIGSEGV (0xb) at pc=0x00007f1cf56b7891, pid=9097, tid=0x00007f1cf6d9c700
#
# JRE version: OpenJDK Runtime Environment (8.0_152-b01) (build 1.8.0_152-release-915-b01)
# Java VM: OpenJDK 64-Bit Server VM (25.152-b01 mixed mode linux-amd64 compressed oops)
# Problematic frame:
# V  [libjvm.so+0x424891]  ClassFileParser::skip_over_field_signature(char*, bool, unsigned int, Thread*)+0x1a1
#
# Failed to write core dump. Core dumps have been disabled. To enable core dumping, try "ulimit -c unlimited" before starting Java again
#
# If you would like to submit a bug report, please visit:
#   http://bugreport.java.com/bugreport/crash.jsp
#

---------------  T H R E A D  ---------------

Current thread (0x00007f1cf000b000):  JavaThread "main" [_thread_in_vm, id=9102, stack(0x00007f1cf6c9c000,0x00007f1cf6d9d000)]

siginfo: si_signo: 11 (SIGSEGV), si_code: 128 (SI_KERNEL), si_addr: 0x0000000000000000

Registers:
RAX=0x0000000000000045, RBX=0x00007f1cf6d98bc1, RCX=0x0000000000000047, RDX=0x0000000000000000
RSP=0x00007f1cf6d98b30, RBP=0x00007f1cf6d98b60, RSI=0x00007f1cf6d98ba1, RDI=0x00007f1cf6d99380
R8 =0x00007f1cf000b000, R9 =0x000000000000003b, R10=0x0000000000000000, R11=0x0000000000000109
R12=0x00007f1cf6d98be8, R13=0x00007f1cf5cc40bc, R14=0x00007f1cf6d99380, R15=0x0000000000000047
RIP=0x00007f1cf56b7891, EFLAGS=0x0000000000010246, CSGSFS=0xb30e000000000033, ERR=0x0000000000000000
  TRAPNO=0x000000000000000d

Top of Stack: (sp=0x00007f1cf6d98b30)
0x00007f1cf6d98b30:   00007f1cf6d98b60 00007f1cf56bfa39
0x00007f1cf6d98b40:   00007f1cf000b000 00007f1cf6d99380
0x00007f1cf6d98b50:   00007f1cf00fe730 00007f1cf00fe710
0x00007f1cf6d98b60:   00007f1cf6d98c60 00007f1cf56b7bb2
0x00007f1cf6d98b70:   0000000000000000 0000000000000000
0x00007f1cf6d98b80:   0000000000000000 0000000000000000
0x00007f1cf6d98b90:   0000000000000000 00007f1cf6d98ba1
0x00007f1cf6d98ba0:   6e612f6d6f634c28 78642f64696f7264
0x00007f1cf6d98bb0:   7473632f706f722f 6e6174736e6f432f
0x00007f1cf6d98bc0:   2f6d6f634c293b74 2f64696f72646e61
0x00007f1cf6d98bd0:   662f7865642f7864 65646e492f656c69
0x00007f1cf6d98be0:   3b6d657449646578 00007f1cf663c500
0x00007f1cf6d98bf0:   00007f1cb4012e80 00007f1cf5c2ea16
0x00007f1cf6d98c00:   00000000000003b8 00007f1cf5c2ea8b
0x00007f1cf6d98c10:   00007f1cf6d98c60 00007f1cf555ed00
0x00007f1cf6d98c20:   00007f1cf6d98c00 072f91f7a4e54700
0x00007f1cf6d98c30:   00007f1cb4013880 00007f1cf6d99380
0x00007f1cf6d98c40:   00007f1cf000b000 00007f1cf0009950
0x00007f1cf6d98c50:   00007f1cf6d98f70 00007f1cf6d99560
0x00007f1cf6d98c60:   00007f1cf6d98f20 00007f1cf56bc75b
0x00007f1cf6d98c70:   0000000000000000 00007f1c00000000
0x00007f1cf6d98c80:   0000000000000000 00007f1c00000000
0x00007f1cf6d98c90:   0000000000000000 00007f1c00000000
0x00007f1cf6d98ca0:   0000000000000000 00007f1c00000000
0x00007f1cf6d98cb0:   0000000000000000 00007f1c00000000
0x00007f1cf6d98cc0:   00007f1cf000b000 00007f1cf55600c7
0x00007f1cf6d98cd0:   00007f1cf0008370 0000012ff56b5c96
0x00007f1cf6d98ce0:   00007f1cf6d98e50 00007f1cf6d98e30
0x00007f1cf6d98cf0:   00007f1cf6d98e40 00007f1cf6d98e60
0x00007f1cf6d98d00:   0000000000000850 0000000000000000
0x00007f1cf6d98d10:   0000000000000000 0000000000000000
0x00007f1cf6d98d20:   0000000000000000 0000000000000000 

Instructions: (pc=0x00007f1cf56b7891)
0x00007f1cf56b7871:   83 78 08 00 0f 84 e4 fe ff ff 31 c0 e9 00 ff ff
0x00007f1cf56b7881:   ff 66 0f 1f 44 00 00 80 3b 3b 0f 85 ef fe ff ff
0x00007f1cf56b7891:   48 83 c4 10 48 8d 43 01 5b 41 5c 41 5d 41 5e 5d
0x00007f1cf56b78a1:   c3 31 c0 c3 90 66 2e 0f 1f 84 00 00 00 00 00 55 

Register to memory mapping:

RAX=0x0000000000000045 is an unknown value
RBX=0x00007f1cf6d98bc1 is pointing into the stack for thread: 0x00007f1cf000b000
RCX=0x0000000000000047 is an unknown value
RDX=0x0000000000000000 is an unknown value
RSP=0x00007f1cf6d98b30 is pointing into the stack for thread: 0x00007f1cf000b000
RBP=0x00007f1cf6d98b60 is pointing into the stack for thread: 0x00007f1cf000b000
RSI=0x00007f1cf6d98ba1 is pointing into the stack for thread: 0x00007f1cf000b000
RDI=0x00007f1cf6d99380 is pointing into the stack for thread: 0x00007f1cf000b000
R8 =0x00007f1cf000b000 is a thread
R9 =0x000000000000003b is an unknown value
R10=0x0000000000000000 is an unknown value
R11=0x0000000000000109 is an unknown value
R12=0x00007f1cf6d98be8 is pointing into the stack for thread: 0x00007f1cf000b000
R13=0x00007f1cf5cc40bc: <offset 0xa310bc> in /home/rishavg/android-studio/jre/jre/lib/amd64/server/libjvm.so at 0x00007f1cf5293000
R14=0x00007f1cf6d99380 is pointing into the stack for thread: 0x00007f1cf000b000
R15=0x0000000000000047 is an unknown value


Stack: [0x00007f1cf6c9c000,0x00007f1cf6d9d000],  sp=0x00007f1cf6d98b30,  free space=1010k
Native frames: (J=compiled Java code, j=interpreted, Vv=VM code, C=native code)
V  [libjvm.so+0x424891]  ClassFileParser::skip_over_field_signature(char*, bool, unsigned int, Thread*)+0x1a1
V  [libjvm.so+0x424bb2]  ClassFileParser::verify_legal_method_signature(Symbol*, Symbol*, Thread*)+0xc2
V  [libjvm.so+0x42975b]  ClassFileParser::parse_method(bool, AccessFlags*, Thread*)+0x154b
V  [libjvm.so+0x42a1db]  ClassFileParser::parse_methods(bool, AccessFlags*, bool*, bool*, Thread*)+0x19b
V  [libjvm.so+0x42b4bb]  ClassFileParser::parseClassFile(Symbol*, ClassLoaderData*, Handle, KlassHandle, GrowableArray<Handle>*, TempNewSymbol&, bool, Thread*)+0xefb
V  [libjvm.so+0x966506]  SystemDictionary::resolve_from_stream(Symbol*, Handle, Handle, ClassFileStream*, bool, Thread*)+0x126
V  [libjvm.so+0x66b5bc]  jvm_define_class_common(JNIEnv_*, char const*, _jobject*, signed char const*, int, _jobject*, char const*, unsigned char, Thread*)+0x27c
V  [libjvm.so+0x66d02b]  JVM_DefineClassWithSource+0x9b
C  [libjava.so+0xf095]  Java_java_lang_ClassLoader_defineClass1+0x165
j  java.lang.ClassLoader.defineClass1(Ljava/lang/String;[BIILjava/security/ProtectionDomain;Ljava/lang/String;)Ljava/lang/Class;+0
j  java.lang.ClassLoader.defineClass(Ljava/lang/String;[BIILjava/security/ProtectionDomain;)Ljava/lang/Class;+27
j  java.security.SecureClassLoader.defineClass(Ljava/lang/String;[BIILjava/security/CodeSource;)Ljava/lang/Class;+12
j  java.net.URLClassLoader.defineClass(Ljava/lang/String;Lsun/misc/Resource;)Ljava/lang/Class;+138
j  java.net.URLClassLoader.access$100(Ljava/net/URLClassLoader;Ljava/lang/String;Lsun/misc/Resource;)Ljava/lang/Class;+3
j  java.net.URLClassLoader$1.run()Ljava/lang/Class;+43
j  java.net.URLClassLoader$1.run()Ljava/lang/Object;+1
v  ~StubRoutines::call_stub
V  [libjvm.so+0x62c3aa]  JavaCalls::call_helper(JavaValue*, methodHandle*, JavaCallArguments*, Thread*)+0xeea
V  [libjvm.so+0x67906b]  JVM_DoPrivileged+0x54b
j  java.security.AccessController.doPrivileged(Ljava/security/PrivilegedExceptionAction;Ljava/security/AccessControlContext;)Ljava/lang/Object;+0
j  java.net.URLClassLoader.findClass(Ljava/lang/String;)Ljava/lang/Class;+13
j  java.lang.ClassLoader.loadClass(Ljava/lang/String;Z)Ljava/lang/Class;+70
j  sun.misc.Launcher$AppClassLoader.loadClass(Ljava/lang/String;Z)Ljava/lang/Class;+81
j  java.lang.ClassLoader.loadClass(Ljava/lang/String;)Ljava/lang/Class;+3
v  ~StubRoutines::call_stub
V  [libjvm.so+0x62c3aa]  JavaCalls::call_helper(JavaValue*, methodHandle*, JavaCallArguments*, Thread*)+0xeea
V  [libjvm.so+0x629a84]  JavaCalls::call_virtual(JavaValue*, KlassHandle, Symbol*, Symbol*, JavaCallArguments*, Thread*)+0x2a4
V  [libjvm.so+0x62a0d6]  JavaCalls::call_virtual(JavaValue*, Handle, KlassHandle, Symbol*, Symbol*, Handle, Thread*)+0x56
V  [libjvm.so+0x964518]  SystemDictionary::load_instance_class(Symbol*, Handle, Thread*)+0x3a8
V  [libjvm.so+0x964ed7]  SystemDictionary::resolve_instance_class_or_null(Symbol*, Handle, Handle, Thread*)+0x9a7
V  [libjvm.so+0x965338]  SystemDictionary::resolve_or_fail(Symbol*, Handle, Handle, bool, Thread*)+0x28
V  [libjvm.so+0x4aff46]  ConstantPool::klass_at_impl(constantPoolHandle, int, Thread*)+0x1e6
V  [libjvm.so+0x622829]  InterpreterRuntime::_new(JavaThread*, ConstantPool*, int)+0x89
j  com.android.dx.command.dexer.Main.createDexFile()V+1
j  com.android.dx.command.dexer.Main.processAllFiles()Z+1
j  com.android.dx.command.dexer.Main.runMonoDex()I+67
j  com.android.dx.command.dexer.Main.runDx(Lcom/android/dx/command/dexer/Main$Arguments;)I+88
j  com.android.dx.command.dexer.Main.main([Ljava/lang/String;)V+31
j  com.android.dx.command.Main.main([Ljava/lang/String;)V+61
v  ~StubRoutines::call_stub
V  [libjvm.so+0x62c3aa]  JavaCalls::call_helper(JavaValue*, methodHandle*, JavaCallArguments*, Thread*)+0xeea
V  [libjvm.so+0x63d1aa]  jni_invoke_static(JNIEnv_*, JavaValue*, _jobject*, JNICallType, _jmethodID*, JNI_ArgumentPusher*, Thread*) [clone .isra.200]+0x2fa
V  [libjvm.so+0x64dcde]  jni_CallStaticVoidMethod+0x16e
C  [libjli.so+0x8149]  JavaMain+0xa09
C  [libpthread.so.0+0x76ba]  start_thread+0xca

Java frames: (J=compiled Java code, j=interpreted, Vv=VM code)
j  java.lang.ClassLoader.defineClass1(Ljava/lang/String;[BIILjava/security/ProtectionDomain;Ljava/lang/String;)Ljava/lang/Class;+0
j  java.lang.ClassLoader.defineClass(Ljava/lang/String;[BIILjava/security/ProtectionDomain;)Ljava/lang/Class;+27
j  java.security.SecureClassLoader.defineClass(Ljava/lang/String;[BIILjava/security/CodeSource;)Ljava/lang/Class;+12
j  java.net.URLClassLoader.defineClass(Ljava/lang/String;Lsun/misc/Resource;)Ljava/lang/Class;+138
j  java.net.URLClassLoader.access$100(Ljava/net/URLClassLoader;Ljava/lang/String;Lsun/misc/Resource;)Ljava/lang/Class;+3
j  java.net.URLClassLoader$1.run()Ljava/lang/Class;+43
j  java.net.URLClassLoader$1.run()Ljava/lang/Object;+1
v  ~StubRoutines::call_stub
j  java.security.AccessController.doPrivileged(Ljava/security/PrivilegedExceptionAction;Ljava/security/AccessControlContext;)Ljava/lang/Object;+0
j  java.net.URLClassLoader.findClass(Ljava/lang/String;)Ljava/lang/Class;+13
j  java.lang.ClassLoader.loadClass(Ljava/lang/String;Z)Ljava/lang/Class;+70
j  sun.misc.Launcher$AppClassLoader.loadClass(Ljava/lang/String;Z)Ljava/lang/Class;+81
j  java.lang.ClassLoader.loadClass(Ljava/lang/String;)Ljava/lang/Class;+3
v  ~StubRoutines::call_stub
j  com.android.dx.command.dexer.Main.createDexFile()V+1
j  com.android.dx.command.dexer.Main.processAllFiles()Z+1
j  com.android.dx.command.dexer.Main.runMonoDex()I+67
j  com.android.dx.command.dexer.Main.runDx(Lcom/android/dx/command/dexer/Main$Arguments;)I+88
j  com.android.dx.command.dexer.Main.main([Ljava/lang/String;)V+31
j  com.android.dx.command.Main.main([Ljava/lang/String;)V+61
v  ~StubRoutines::call_stub

---------------  P R O C E S S  ---------------

Java Threads: ( => current thread )
  0x00007f1cf00c0800 JavaThread "Service Thread" daemon [_thread_blocked, id=9114, stack(0x00007f1cd7bfc000,0x00007f1cd7cfd000)]
  0x00007f1cf00bd800 JavaThread "C1 CompilerThread2" daemon [_thread_blocked, id=9113, stack(0x00007f1cd7cfd000,0x00007f1cd7dfe000)]
  0x00007f1cf00bb800 JavaThread "C2 CompilerThread1" daemon [_thread_blocked, id=9112, stack(0x00007f1cd7dfe000,0x00007f1cd7eff000)]
  0x00007f1cf00b8800 JavaThread "C2 CompilerThread0" daemon [_thread_blocked, id=9111, stack(0x00007f1cd7eff000,0x00007f1cd8000000)]
  0x00007f1cf00b7000 JavaThread "Signal Dispatcher" daemon [_thread_blocked, id=9110, stack(0x00007f1cdc0e8000,0x00007f1cdc1e9000)]
  0x00007f1cf0084800 JavaThread "Finalizer" daemon [_thread_blocked, id=9109, stack(0x00007f1cdc4c1000,0x00007f1cdc5c2000)]
  0x00007f1cf0080000 JavaThread "Reference Handler" daemon [_thread_blocked, id=9108, stack(0x00007f1cdc5c2000,0x00007f1cdc6c3000)]
=>0x00007f1cf000b000 JavaThread "main" [_thread_in_vm, id=9102, stack(0x00007f1cf6c9c000,0x00007f1cf6d9d000)]

Other Threads:
  0x00007f1cf0078800 VMThread [stack: 0x00007f1cdc6c3000,0x00007f1cdc7c4000] [id=9107]
  0x00007f1cf00c3000 WatcherThread [stack: 0x00007f1cd7afb000,0x00007f1cd7bfc000] [id=9115]

VM state:not at safepoint (normal execution)

VM Mutex/Monitor currently owned by a thread: None

Heap:
 PSYoungGen      total 36864K, used 1907K [0x00000000eab00000, 0x00000000ed400000, 0x0000000100000000)
  eden space 31744K, 6% used [0x00000000eab00000,0x00000000eacdcc90,0x00000000eca00000)
  from space 5120K, 0% used [0x00000000ecf00000,0x00000000ecf00000,0x00000000ed400000)
  to   space 5120K, 0% used [0x00000000eca00000,0x00000000eca00000,0x00000000ecf00000)
 ParOldGen       total 84992K, used 0K [0x00000000c0000000, 0x00000000c5300000, 0x00000000eab00000)
  object space 84992K, 0% used [0x00000000c0000000,0x00000000c0000000,0x00000000c5300000)
 Metaspace       used 2987K, capacity 4656K, committed 4864K, reserved 1056768K
  class space    used 316K, capacity 424K, committed 512K, reserved 1048576K

Card table byte_map: [0x00007f1ce0823000,0x00007f1ce0a24000] byte_map_base: 0x00007f1ce0223000

Marking Bits: (ParMarkBitMap*) 0x00007f1cf61683e0
 Begin Bits: [0x00007f1cde3ca000, 0x00007f1cdf3ca000)
 End Bits:   [0x00007f1cdf3ca000, 0x00007f1ce03ca000)

Polling page: 0x00007f1cf6dbc000

CodeCache: size=245760Kb used=1109Kb max_used=1109Kb free=244650Kb
 bounds [0x00007f1ce0de4000, 0x00007f1ce1054000, 0x00007f1cefde4000]
 total_blobs=267 nmethods=34 adapters=148
 compilation: enabled

Compilation events (10 events):
Event: 0.071 Thread 0x00007f1cf00bd800   29       3       java.lang.String::startsWith (7 bytes)
Event: 0.071 Thread 0x00007f1cf00bd800 nmethod 29 0x00007f1ce0ef7ad0 code [0x00007f1ce0ef7c40, 0x00007f1ce0ef7e48]
Event: 0.072 Thread 0x00007f1cf00bd800   30       1       java.net.URL::getHost (5 bytes)
Event: 0.072 Thread 0x00007f1cf00bd800 nmethod 30 0x00007f1ce0ef80d0 code [0x00007f1ce0ef8220, 0x00007f1ce0ef8330]
Event: 0.073 Thread 0x00007f1cf00bd800   31       3       java.util.concurrent.ConcurrentHashMap::setTabAt (19 bytes)
Event: 0.073 Thread 0x00007f1cf00bd800 nmethod 31 0x00007f1ce0ef8710 code [0x00007f1ce0ef8860, 0x00007f1ce0ef89d0]
Event: 0.074 Thread 0x00007f1cf00bd800   33       3       java.lang.AbstractStringBuilder::append (50 bytes)
Event: 0.075 Thread 0x00007f1cf00bd800 nmethod 33 0x00007f1ce0ef8a50 code [0x00007f1ce0ef8c20, 0x00007f1ce0ef9358]
Event: 0.075 Thread 0x00007f1cf00bd800   34       1       java.net.URL::getProtocol (5 bytes)
Event: 0.075 Thread 0x00007f1cf00bd800 nmethod 34 0x00007f1ce0ef9650 code [0x00007f1ce0ef97a0, 0x00007f1ce0ef98b0]

GC Heap History (0 events):
No events

Deoptimization events (0 events):
No events

Classes redefined (0 events):
No events

Internal exceptions (2 events):
Event: 0.024 Thread 0x00007f1cf000b000 Exception <a 'java/lang/NoSuchMethodError': Method sun.misc.Unsafe.defineClass(Ljava/lang/String;[BII)Ljava/lang/Class; name or signature does not match> (0x00000000eab07ca8) thrown at [/ssd/Android/AOSP-openjdk-git/jdk8u/hotspot/src/share/vm/prims/jni.cp
Event: 0.024 Thread 0x00007f1cf000b000 Exception <a 'java/lang/NoSuchMethodError': Method sun.misc.Unsafe.prefetchRead(Ljava/lang/Object;J)V name or signature does not match> (0x00000000eab07f90) thrown at [/ssd/Android/AOSP-openjdk-git/jdk8u/hotspot/src/share/vm/prims/jni.cpp, line 4011]

Events (10 events):
Event: 0.073 loading class java/lang/NumberFormatException
Event: 0.073 loading class java/lang/NumberFormatException done
Event: 0.073 loading class com/android/dx/command/dexer/Main$Arguments$ArgumentsParser
Event: 0.073 loading class com/android/dx/command/dexer/Main$Arguments$ArgumentsParser done
Event: 0.074 loading class com/android/dx/dex/cf/CfOptions
Event: 0.074 loading class com/android/dx/dex/cf/CfOptions done
Event: 0.074 loading class com/android/dx/dex/DexOptions
Event: 0.074 loading class com/android/dx/dex/DexOptions done
Event: 0.075 loading class com/android/dx/dex/file/DexFile
Event: 0.075 loading class com/android/dx/dex/file/DexFile done


Dynamic libraries:
00400000-00401000 r-xp 00000000 08:07 1723716                            /home/rishavg/android-studio/jre/bin/java
00600000-00601000 r--p 00000000 08:07 1723716                            /home/rishavg/android-studio/jre/bin/java
00601000-00602000 rw-p 00001000 08:07 1723716                            /home/rishavg/android-studio/jre/bin/java
01f2b000-01f4c000 rw-p 00000000 00:00 0                                  [heap]
c0000000-c5300000 rw-p 00000000 00:00 0 
c5300000-eab00000 ---p 00000000 00:00 0 
eab00000-ed400000 rw-p 00000000 00:00 0 
ed400000-100000000 ---p 00000000 00:00 0 
100000000-100080000 rw-p 00000000 00:00 0 
100080000-140000000 ---p 00000000 00:00 0 
7f1ca0000000-7f1ca0021000 rw-p 00000000 00:00 0 
7f1ca0021000-7f1ca4000000 ---p 00000000 00:00 0 
7f1ca4000000-7f1ca4021000 rw-p 00000000 00:00 0 
7f1ca4021000-7f1ca8000000 ---p 00000000 00:00 0 
7f1ca8000000-7f1ca8021000 rw-p 00000000 00:00 0 
7f1ca8021000-7f1cac000000 ---p 00000000 00:00 0 
7f1cac000000-7f1cac036000 rw-p 00000000 00:00 0 
7f1cac036000-7f1cb0000000 ---p 00000000 00:00 0 
7f1cb0000000-7f1cb0021000 rw-p 00000000 00:00 0 
7f1cb0021000-7f1cb4000000 ---p 00000000 00:00 0 
7f1cb4000000-7f1cb402e000 rw-p 00000000 00:00 0 
7f1cb402e000-7f1cb8000000 ---p 00000000 00:00 0 
7f1cb8000000-7f1cb8021000 rw-p 00000000 00:00 0 
7f1cb8021000-7f1cbc000000 ---p 00000000 00:00 0 
7f1cbc000000-7f1cbc021000 rw-p 00000000 00:00 0 
7f1cbc021000-7f1cc0000000 ---p 00000000 00:00 0 
7f1cc0000000-7f1cc0021000 rw-p 00000000 00:00 0 
7f1cc0021000-7f1cc4000000 ---p 00000000 00:00 0 
7f1cc4000000-7f1cc4021000 rw-p 00000000 00:00 0 
7f1cc4021000-7f1cc8000000 ---p 00000000 00:00 0 
7f1cc8000000-7f1cc8021000 rw-p 00000000 00:00 0 
7f1cc8021000-7f1ccc000000 ---p 00000000 00:00 0 
7f1cd0000000-7f1cd0021000 rw-p 00000000 00:00 0 
7f1cd0021000-7f1cd4000000 ---p 00000000 00:00 0 
7f1cd7883000-7f1cd7afb000 rw-p 00000000 00:00 0 
7f1cd7afb000-7f1cd7afc000 ---p 00000000 00:00 0 
7f1cd7afc000-7f1cd7bfc000 rw-p 00000000 00:00 0 
7f1cd7bfc000-7f1cd7bff000 ---p 00000000 00:00 0 
7f1cd7bff000-7f1cd7cfd000 rw-p 00000000 00:00 0 
7f1cd7cfd000-7f1cd7d00000 ---p 00000000 00:00 0 
7f1cd7d00000-7f1cd7dfe000 rw-p 00000000 00:00 0 
7f1cd7dfe000-7f1cd7e01000 ---p 00000000 00:00 0 
7f1cd7e01000-7f1cd7eff000 rw-p 00000000 00:00 0 
7f1cd7eff000-7f1cd7f02000 ---p 00000000 00:00 0 
7f1cd7f02000-7f1cd8000000 rw-p 00000000 00:00 0 
7f1cd8000000-7f1cd8021000 rw-p 00000000 00:00 0 
7f1cd8021000-7f1cdc000000 ---p 00000000 00:00 0 
7f1cdc0e8000-7f1cdc0eb000 ---p 00000000 00:00 0 
7f1cdc0eb000-7f1cdc1e9000 rw-p 00000000 00:00 0 
7f1cdc1e9000-7f1cdc4c1000 r--p 00000000 08:07 2228901                    /usr/lib/locale/locale-archive
7f1cdc4c1000-7f1cdc4c4000 ---p 00000000 00:00 0 
7f1cdc4c4000-7f1cdc5c2000 rw-p 00000000 00:00 0 
7f1cdc5c2000-7f1cdc5c5000 ---p 00000000 00:00 0 
7f1cdc5c5000-7f1cdc6c3000 rw-p 00000000 00:00 0 
7f1cdc6c3000-7f1cdc6c4000 ---p 00000000 00:00 0 
7f1cdc6c4000-7f1cdd784000 rw-p 00000000 00:00 0 
7f1cdd784000-7f1cdd954000 r--s 03c46000 08:07 1723773                    /home/rishavg/android-studio/jre/jre/lib/rt.jar
7f1cdd954000-7f1cdde0a000 rw-p 00000000 00:00 0 
7f1cdde0a000-7f1cde1ca000 ---p 00000000 00:00 0 
7f1cde1ca000-7f1ce03ca000 rw-p 00000000 00:00 0 
7f1ce03ca000-7f1ce03cb000 ---p 00000000 00:00 0 
7f1ce03cb000-7f1ce04cb000 rw-p 00000000 00:00 0 
7f1ce04cb000-7f1ce04cc000 ---p 00000000 00:00 0 
7f1ce04cc000-7f1ce05cc000 rw-p 00000000 00:00 0 
7f1ce05cc000-7f1ce05cd000 ---p 00000000 00:00 0 
7f1ce05cd000-7f1ce06f7000 rw-p 00000000 00:00 0 
7f1ce06f7000-7f1ce0823000 ---p 00000000 00:00 0 
7f1ce0823000-7f1ce084d000 rw-p 00000000 00:00 0 
7f1ce084d000-7f1ce0978000 ---p 00000000 00:00 0 
7f1ce0978000-7f1ce098d000 rw-p 00000000 00:00 0 
7f1ce098d000-7f1ce0a23000 ---p 00000000 00:00 0 
7f1ce0a23000-7f1ce0a2e000 rw-p 00000000 00:00 0 
7f1ce0a2e000-7f1ce0de4000 ---p 00000000 00:00 0 
7f1ce0de4000-7f1ce1054000 rwxp 00000000 00:00 0 
7f1ce1054000-7f1cefde4000 ---p 00000000 00:00 0 
7f1cefde4000-7f1cefdfe000 r-xp 00000000 08:07 1723800                    /home/rishavg/android-studio/jre/jre/lib/amd64/libzip.so
7f1cefdfe000-7f1cefffe000 ---p 0001a000 08:07 1723800                    /home/rishavg/android-studio/jre/jre/lib/amd64/libzip.so
7f1cefffe000-7f1ceffff000 r--p 0001a000 08:07 1723800                    /home/rishavg/android-studio/jre/jre/lib/amd64/libzip.so
7f1ceffff000-7f1cf0000000 rw-p 0001b000 08:07 1723800                    /home/rishavg/android-studio/jre/jre/lib/amd64/libzip.so
7f1cf0000000-7f1cf012b000 rw-p 00000000 00:00 0 
7f1cf012b000-7f1cf4000000 ---p 00000000 00:00 0 
7f1cf4000000-7f1cf4001000 ---p 00000000 00:00 0 
7f1cf4001000-7f1cf4101000 rw-p 00000000 00:00 0 
7f1cf4101000-7f1cf410c000 r-xp 00000000 08:07 1367226                    /lib/x86_64-linux-gnu/libnss_files-2.23.so
7f1cf410c000-7f1cf430b000 ---p 0000b000 08:07 1367226                    /lib/x86_64-linux-gnu/libnss_files-2.23.so
7f1cf430b000-7f1cf430c000 r--p 0000a000 08:07 1367226                    /lib/x86_64-linux-gnu/libnss_files-2.23.so
7f1cf430c000-7f1cf430d000 rw-p 0000b000 08:07 1367226                    /lib/x86_64-linux-gnu/libnss_files-2.23.so
7f1cf430d000-7f1cf4313000 rw-p 00000000 00:00 0 
7f1cf4313000-7f1cf431e000 r-xp 00000000 08:07 1367230                    /lib/x86_64-linux-gnu/libnss_nis-2.23.so
7f1cf431e000-7f1cf451d000 ---p 0000b000 08:07 1367230                    /lib/x86_64-linux-gnu/libnss_nis-2.23.so
7f1cf451d000-7f1cf451e000 r--p 0000a000 08:07 1367230                    /lib/x86_64-linux-gnu/libnss_nis-2.23.so
7f1cf451e000-7f1cf451f000 rw-p 0000b000 08:07 1367230                    /lib/x86_64-linux-gnu/libnss_nis-2.23.so
7f1cf451f000-7f1cf4535000 r-xp 00000000 08:07 1367205                    /lib/x86_64-linux-gnu/libnsl-2.23.so
7f1cf4535000-7f1cf4734000 ---p 00016000 08:07 1367205                    /lib/x86_64-linux-gnu/libnsl-2.23.so
7f1cf4734000-7f1cf4735000 r--p 00015000 08:07 1367205                    /lib/x86_64-linux-gnu/libnsl-2.23.so
7f1cf4735000-7f1cf4736000 rw-p 00016000 08:07 1367205                    /lib/x86_64-linux-gnu/libnsl-2.23.so
7f1cf4736000-7f1cf4738000 rw-p 00000000 00:00 0 
7f1cf4738000-7f1cf4740000 r-xp 00000000 08:07 1367221                    /lib/x86_64-linux-gnu/libnss_compat-2.23.so
7f1cf4740000-7f1cf493f000 ---p 00008000 08:07 1367221                    /lib/x86_64-linux-gnu/libnss_compat-2.23.so
7f1cf493f000-7f1cf4940000 r--p 00007000 08:07 1367221                    /lib/x86_64-linux-gnu/libnss_compat-2.23.so
7f1cf4940000-7f1cf4941000 rw-p 00008000 08:07 1367221                    /lib/x86_64-linux-gnu/libnss_compat-2.23.so
7f1cf4941000-7f1cf496e000 r-xp 00000000 08:07 1723810                    /home/rishavg/android-studio/jre/jre/lib/amd64/libjava.so
7f1cf496e000-7f1cf4b6d000 ---p 0002d000 08:07 1723810                    /home/rishavg/android-studio/jre/jre/lib/amd64/libjava.so
7f1cf4b6d000-7f1cf4b6e000 r--p 0002c000 08:07 1723810                    /home/rishavg/android-studio/jre/jre/lib/amd64/libjava.so
7f1cf4b6e000-7f1cf4b70000 rw-p 0002d000 08:07 1723810                    /home/rishavg/android-studio/jre/jre/lib/amd64/libjava.so
7f1cf4b70000-7f1cf4b80000 r-xp 00000000 08:07 1723826                    /home/rishavg/android-studio/jre/jre/lib/amd64/libverify.so
7f1cf4b80000-7f1cf4d7f000 ---p 00010000 08:07 1723826                    /home/rishavg/android-studio/jre/jre/lib/amd64/libverify.so
7f1cf4d7f000-7f1cf4d81000 r--p 0000f000 08:07 1723826                    /home/rishavg/android-studio/jre/jre/lib/amd64/libverify.so
7f1cf4d81000-7f1cf4d82000 rw-p 00011000 08:07 1723826                    /home/rishavg/android-studio/jre/jre/lib/amd64/libverify.so
7f1cf4d82000-7f1cf4d89000 r-xp 00000000 08:07 1367231                    /lib/x86_64-linux-gnu/librt-2.23.so
7f1cf4d89000-7f1cf4f88000 ---p 00007000 08:07 1367231                    /lib/x86_64-linux-gnu/librt-2.23.so
7f1cf4f88000-7f1cf4f89000 r--p 00006000 08:07 1367231                    /lib/x86_64-linux-gnu/librt-2.23.so
7f1cf4f89000-7f1cf4f8a000 rw-p 00007000 08:07 1367231                    /lib/x86_64-linux-gnu/librt-2.23.so
7f1cf4f8a000-7f1cf5092000 r-xp 00000000 08:07 1319901                    /lib/x86_64-linux-gnu/libm-2.23.so
7f1cf5092000-7f1cf5291000 ---p 00108000 08:07 1319901                    /lib/x86_64-linux-gnu/libm-2.23.so
7f1cf5291000-7f1cf5292000 r--p 00107000 08:07 1319901                    /lib/x86_64-linux-gnu/libm-2.23.so
7f1cf5292000-7f1cf5293000 rw-p 00108000 08:07 1319901                    /lib/x86_64-linux-gnu/libm-2.23.so
7f1cf5293000-7f1cf5e8b000 r-xp 00000000 08:07 1723830                    /home/rishavg/android-studio/jre/jre/lib/amd64/server/libjvm.so
7f1cf5e8b000-7f1cf608b000 ---p 00bf8000 08:07 1723830                    /home/rishavg/android-studio/jre/jre/lib/amd64/server/libjvm.so
7f1cf608b000-7f1cf612a000 r--p 00bf8000 08:07 1723830                    /home/rishavg/android-studio/jre/jre/lib/amd64/server/libjvm.so
7f1cf612a000-7f1cf6153000 rw-p 00c97000 08:07 1723830                    /home/rishavg/android-studio/jre/jre/lib/amd64/server/libjvm.so
7f1cf6153000-7f1cf6197000 rw-p 00000000 00:00 0 
7f1cf6197000-7f1cf61af000 r-xp 00000000 08:07 1367212                    /lib/x86_64-linux-gnu/libpthread-2.23.so
7f1cf61af000-7f1cf63ae000 ---p 00018000 08:07 1367212                    /lib/x86_64-linux-gnu/libpthread-2.23.so
7f1cf63ae000-7f1cf63af000 r--p 00017000 08:07 1367212                    /lib/x86_64-linux-gnu/libpthread-2.23.so
7f1cf63af000-7f1cf63b0000 rw-p 00018000 08:07 1367212                    /lib/x86_64-linux-gnu/libpthread-2.23.so
7f1cf63b0000-7f1cf63b4000 rw-p 00000000 00:00 0 
7f1cf63b4000-7f1cf63b7000 r-xp 00000000 08:07 1367215                    /lib/x86_64-linux-gnu/libdl-2.23.so
7f1cf63b7000-7f1cf65b6000 ---p 00003000 08:07 1367215                    /lib/x86_64-linux-gnu/libdl-2.23.so
7f1cf65b6000-7f1cf65b7000 r--p 00002000 08:07 1367215                    /lib/x86_64-linux-gnu/libdl-2.23.so
7f1cf65b7000-7f1cf65b8000 rw-p 00003000 08:07 1367215                    /lib/x86_64-linux-gnu/libdl-2.23.so
7f1cf65b8000-7f1cf6778000 r-xp 00000000 08:07 1367213                    /lib/x86_64-linux-gnu/libc-2.23.so
7f1cf6778000-7f1cf6978000 ---p 001c0000 08:07 1367213                    /lib/x86_64-linux-gnu/libc-2.23.so
7f1cf6978000-7f1cf697c000 r--p 001c0000 08:07 1367213                    /lib/x86_64-linux-gnu/libc-2.23.so
7f1cf697c000-7f1cf697e000 rw-p 001c4000 08:07 1367213                    /lib/x86_64-linux-gnu/libc-2.23.so
7f1cf697e000-7f1cf6982000 rw-p 00000000 00:00 0 
7f1cf6982000-7f1cf6998000 r-xp 00000000 08:07 1723690                    /home/rishavg/android-studio/jre/lib/amd64/jli/libjli.so
7f1cf6998000-7f1cf6b97000 ---p 00016000 08:07 1723690                    /home/rishavg/android-studio/jre/lib/amd64/jli/libjli.so
7f1cf6b97000-7f1cf6b98000 r--p 00015000 08:07 1723690                    /home/rishavg/android-studio/jre/lib/amd64/jli/libjli.so
7f1cf6b98000-7f1cf6b99000 rw-p 00016000 08:07 1723690                    /home/rishavg/android-studio/jre/lib/amd64/jli/libjli.so
7f1cf6b99000-7f1cf6bbf000 r-xp 00000000 08:07 1367211                    /lib/x86_64-linux-gnu/ld-2.23.so
7f1cf6bc3000-7f1cf6c9c000 rw-p 00000000 00:00 0 
7f1cf6c9c000-7f1cf6c9f000 ---p 00000000 00:00 0 
7f1cf6c9f000-7f1cf6da1000 rw-p 00000000 00:00 0 
7f1cf6da4000-7f1cf6db3000 r--s 000ed000 08:07 1991972                    /home/rishavg/Android/Sdk/build-tools/26.0.2/lib/dx.jar
7f1cf6db3000-7f1cf6dbb000 rw-s 00000000 08:07 2012489                    /tmp/hsperfdata_rishavg/9097
7f1cf6dbb000-7f1cf6dbc000 rw-p 00000000 00:00 0 
7f1cf6dbc000-7f1cf6dbd000 r--p 00000000 00:00 0 
7f1cf6dbd000-7f1cf6dbe000 rw-p 00000000 00:00 0 
7f1cf6dbe000-7f1cf6dbf000 r--p 00025000 08:07 1367211                    /lib/x86_64-linux-gnu/ld-2.23.so
7f1cf6dbf000-7f1cf6dc0000 rw-p 00026000 08:07 1367211                    /lib/x86_64-linux-gnu/ld-2.23.so
7f1cf6dc0000-7f1cf6dc1000 rw-p 00000000 00:00 0 
7ffec81c9000-7ffec81ea000 rw-p 00000000 00:00 0                          [stack]
7ffec81f4000-7ffec81f7000 r--p 00000000 00:00 0                          [vvar]
7ffec81f7000-7ffec81f9000 r-xp 00000000 00:00 0                          [vdso]
ffffffffff600000-ffffffffff601000 r-xp 00000000 00:00 0                  [vsyscall]

VM Arguments:
jvm_args: -Djava.awt.headless=true -Xmx1024M -Dfile.encoding=UTF-8 -Duser.country=US -Duser.language=en -Duser.variant 
java_command: com.android.dx.command.Main --dex --force-jumbo --num-threads=4 --output /home/rishavg/Downloads/Cognitive-Speech-STT-Android-master/samples/SpeechRecoExample/build/intermediates/reload-dex/arm/debug --min-sdk-version 19 /home/rishavg/Downloads/Cognitive-Speech-STT-Android-master/samples/SpeechRecoExample/build/intermediates/reload-dex/arm/debug/classes.jar
java_class_path (initial): /home/rishavg/Android/Sdk/build-tools/26.0.2/lib/dx.jar
Launcher Type: SUN_STANDARD

Environment Variables:
JAVA_HOME=/usr/lib/jvm/java-8-oracle
PATH=/home/rishavg/bin:/usr/local/sbin:/usr/local/bin:/usr/sbin:/usr/bin:/sbin:/bin:/usr/games:/usr/local/games:/snap/bin:/usr/lib/jvm/java-8-oracle/bin:/usr/lib/jvm/java-8-oracle/db/bin:/usr/lib/jvm/java-8-oracle/jre/bin
LD_LIBRARY_PATH=/home/rishavg/android-studio/bin:
SHELL=/bin/bash
DISPLAY=:0

Signal Handlers:
SIGSEGV: [libjvm.so+0x9ebc60], sa_mask[0]=11111111011111111101111111111110, sa_flags=SA_RESTART|SA_SIGINFO
SIGBUS: [libjvm.so+0x9ebc60], sa_mask[0]=11111111011111111101111111111110, sa_flags=SA_RESTART|SA_SIGINFO
SIGFPE: [libjvm.so+0x84cf60], sa_mask[0]=11111111011111111101111111111110, sa_flags=SA_RESTART|SA_SIGINFO
SIGPIPE: [libjvm.so+0x84cf60], sa_mask[0]=11111111011111111101111111111110, sa_flags=SA_RESTART|SA_SIGINFO
SIGXFSZ: [libjvm.so+0x84cf60], sa_mask[0]=11111111011111111101111111111110, sa_flags=SA_RESTART|SA_SIGINFO
SIGILL: [libjvm.so+0x84cf60], sa_mask[0]=11111111011111111101111111111110, sa_flags=SA_RESTART|SA_SIGINFO
SIGUSR1: SIG_DFL, sa_mask[0]=00000000000000000000000000000000, sa_flags=none
SIGUSR2: [libjvm.so+0x84ce30], sa_mask[0]=00100000000000000000000000000000, sa_flags=SA_RESTART|SA_SIGINFO
SIGHUP: [libjvm.so+0x84d020], sa_mask[0]=11111111011111111101111111111110, sa_flags=SA_RESTART|SA_SIGINFO
SIGINT: [libjvm.so+0x84d020], sa_mask[0]=11111111011111111101111111111110, sa_flags=SA_RESTART|SA_SIGINFO
SIGTERM: [libjvm.so+0x84d020], sa_mask[0]=11111111011111111101111111111110, sa_flags=SA_RESTART|SA_SIGINFO
SIGQUIT: [libjvm.so+0x84d020], sa_mask[0]=11111111011111111101111111111110, sa_flags=SA_RESTART|SA_SIGINFO


---------------  S Y S T E M  ---------------

OS:DISTRIB_ID=Ubuntu
DISTRIB_RELEASE=16.04
DISTRIB_CODENAME=xenial
DISTRIB_DESCRIPTION="Ubuntu 16.04.3 LTS"

uname:Linux 4.4.0-112-generic #135-Ubuntu SMP Fri Jan 19 11:48:36 UTC 2018 x86_64
libc:glibc 2.23 NPTL 2.23 
rlimit: STACK 8192k, CORE 0k, NPROC 31329, NOFILE 1048576, AS infinity
load average:0.52 0.41 0.45

/proc/meminfo:
MemTotal:        8061320 kB
MemFree:          173976 kB
MemAvailable:    2325808 kB
Buffers:          278812 kB
Cached:          2267052 kB
SwapCached:         6592 kB
Active:          5606104 kB
Inactive:        1879240 kB
Active(anon):    4264608 kB
Inactive(anon):   998160 kB
Active(file):    1341496 kB
Inactive(file):   881080 kB
Unevictable:          48 kB
Mlocked:              48 kB
SwapTotal:       3998716 kB
SwapFree:        3937588 kB
Dirty:             23576 kB
Writeback:             0 kB
AnonPages:       4938188 kB
Mapped:           465304 kB
Shmem:            323236 kB
Slab:             287512 kB
SReclaimable:     236264 kB
SUnreclaim:        51248 kB
KernelStack:       11968 kB
PageTables:        46120 kB
NFS_Unstable:          0 kB
Bounce:                0 kB
WritebackTmp:          0 kB
CommitLimit:     8029376 kB
Committed_AS:   10358924 kB
VmallocTotal:   34359738367 kB
VmallocUsed:           0 kB
VmallocChunk:          0 kB
HardwareCorrupted:     0 kB
AnonHugePages:   2494464 kB
CmaTotal:              0 kB
CmaFree:               0 kB
HugePages_Total:       0
HugePages_Free:        0
HugePages_Rsvd:        0
HugePages_Surp:        0
Hugepagesize:       2048 kB
DirectMap4k:      249344 kB
DirectMap2M:     8028160 kB
DirectMap1G:     1048576 kB


CPU:total 4 (initial active 4) (2 cores per cpu, 2 threads per core) family 6 model 61 stepping 4, cmov, cx8, fxsr, mmx, sse, sse2, sse3, ssse3, sse4.1, sse4.2, popcnt, avx, avx2, aes, clmul, erms, 3dnowpref, lzcnt, ht, tsc, tscinvbit, bmi1, bmi2, adx

/proc/cpuinfo:
processor	: 0
vendor_id	: GenuineIntel
cpu family	: 6
model		: 61
model name	: Intel(R) Core(TM) i5-5200U CPU @ 2.20GHz
stepping	: 4
microcode	: 0x18
cpu MHz		: 2500.007
cache size	: 3072 KB
physical id	: 0
siblings	: 4
core id		: 0
cpu cores	: 2
apicid		: 0
initial apicid	: 0
fpu		: yes
fpu_exception	: yes
cpuid level	: 20
wp		: yes
flags		: fpu vme de pse tsc msr pae mce cx8 apic sep mtrr pge mca cmov pat pse36 clflush dts acpi mmx fxsr sse sse2 ss ht tm pbe syscall nx pdpe1gb rdtscp lm constant_tsc arch_perfmon pebs bts rep_good nopl xtopology nonstop_tsc aperfmperf eagerfpu pni pclmulqdq dtes64 monitor ds_cpl vmx est tm2 ssse3 sdbg fma cx16 xtpr pdcm pcid sse4_1 sse4_2 x2apic movbe popcnt tsc_deadline_timer aes xsave avx f16c rdrand lahf_lm abm 3dnowprefetch epb invpcid_single intel_pt kaiser tpr_shadow vnmi flexpriority ept vpid fsgsbase tsc_adjust bmi1 avx2 smep bmi2 erms invpcid rdseed adx smap xsaveopt dtherm ida arat pln pts
bugs		:
bogomips	: 4389.43
clflush size	: 64
cache_alignment	: 64
address sizes	: 39 bits physical, 48 bits virtual
power management:

processor	: 1
vendor_id	: GenuineIntel
cpu family	: 6
model		: 61
model name	: Intel(R) Core(TM) i5-5200U CPU @ 2.20GHz
stepping	: 4
microcode	: 0x18
cpu MHz		: 2499.921
cache size	: 3072 KB
physical id	: 0
siblings	: 4
core id		: 0
cpu cores	: 2
apicid		: 1
initial apicid	: 1
fpu		: yes
fpu_exception	: yes
cpuid level	: 20
wp		: yes
flags		: fpu vme de pse tsc msr pae mce cx8 apic sep mtrr pge mca cmov pat pse36 clflush dts acpi mmx fxsr sse sse2 ss ht tm pbe syscall nx pdpe1gb rdtscp lm constant_tsc arch_perfmon pebs bts rep_good nopl xtopology nonstop_tsc aperfmperf eagerfpu pni pclmulqdq dtes64 monitor ds_cpl vmx est tm2 ssse3 sdbg fma cx16 xtpr pdcm pcid sse4_1 sse4_2 x2apic movbe popcnt tsc_deadline_timer aes xsave avx f16c rdrand lahf_lm abm 3dnowprefetch epb invpcid_single intel_pt kaiser tpr_shadow vnmi flexpriority ept vpid fsgsbase tsc_adjust bmi1 avx2 smep bmi2 erms invpcid rdseed adx smap xsaveopt dtherm ida arat pln pts
bugs		:
bogomips	: 4389.43
clflush size	: 64
cache_alignment	: 64
address sizes	: 39 bits physical, 48 bits virtual
power management:

processor	: 2
vendor_id	: GenuineIntel
cpu family	: 6
model		: 61
model name	: Intel(R) Core(TM) i5-5200U CPU @ 2.20GHz
stepping	: 4
microcode	: 0x18
cpu MHz		: 2524.500
cache size	: 3072 KB
physical id	: 0
siblings	: 4
core id		: 1
cpu cores	: 2
apicid		: 2
initial apicid	: 2
fpu		: yes
fpu_exception	: yes
cpuid level	: 20
wp		: yes
flags		: fpu vme de pse tsc msr pae mce cx8 apic sep mtrr pge mca cmov pat pse36 clflush dts acpi mmx fxsr sse sse2 ss ht tm pbe syscall nx pdpe1gb rdtscp lm constant_tsc arch_perfmon pebs bts rep_good nopl xtopology nonstop_tsc aperfmperf eagerfpu pni pclmulqdq dtes64 monitor ds_cpl vmx est tm2 ssse3 sdbg fma cx16 xtpr pdcm pcid sse4_1 sse4_2 x2apic movbe popcnt tsc_deadline_timer aes xsave avx f16c rdrand lahf_lm abm 3dnowprefetch epb invpcid_single intel_pt kaiser tpr_shadow vnmi flexpriority ept vpid fsgsbase tsc_adjust bmi1 avx2 smep bmi2 erms invpcid rdseed adx smap xsaveopt dtherm ida arat pln pts
bugs		:
bogomips	: 4389.43
clflush size	: 64
cache_alignment	: 64
address sizes	: 39 bits physical, 48 bits virtual
power management:

processor	: 3
vendor_id	: GenuineIntel
cpu family	: 6
model		: 61
model name	: Intel(R) Core(TM) i5-5200U CPU @ 2.20GHz
stepping	: 4
microcode	: 0x18
cpu MHz		: 2616.109
cache size	: 3072 KB
physical id	: 0
siblings	: 4
core id		: 1
cpu cores	: 2
apicid		: 3
initial apicid	: 3
fpu		: yes
fpu_exception	: yes
cpuid level	: 20
wp		: yes
flags		: fpu vme de pse tsc msr pae mce cx8 apic sep mtrr pge mca cmov pat pse36 clflush dts acpi mmx fxsr sse sse2 ss ht tm pbe syscall nx pdpe1gb rdtscp lm constant_tsc arch_perfmon pebs bts rep_good nopl xtopology nonstop_tsc aperfmperf eagerfpu pni pclmulqdq dtes64 monitor ds_cpl vmx est tm2 ssse3 sdbg fma cx16 xtpr pdcm pcid sse4_1 sse4_2 x2apic movbe popcnt tsc_deadline_timer aes xsave avx f16c rdrand lahf_lm abm 3dnowprefetch epb invpcid_single intel_pt kaiser tpr_shadow vnmi flexpriority ept vpid fsgsbase tsc_adjust bmi1 avx2 smep bmi2 erms invpcid rdseed adx smap xsaveopt dtherm ida arat pln pts
bugs		:
bogomips	: 4389.43
clflush size	: 64
cache_alignment	: 64
address sizes	: 39 bits physical, 48 bits virtual
power management:



Memory: 4k page, physical 8061320k(173976k free), swap 3998716k(3937588k free)

vm_info: OpenJDK 64-Bit Server VM (25.152-b01) for linux-amd64 JRE (1.8.0_152-release-915-b01), built by "builder" with gcc 4.8.4

time: Sun Feb 25 06:50:29 2018
elapsed time: 0 seconds (0d 0h 0m 0s)

